<?xml version="1.0" encoding="UTF-8"?>
<testng-results ignored="0" total="5" passed="3" failed="1" skipped="1">
  <reporter-output>
  </reporter-output>
  <suite started-at="2022-12-12T10:40:35 IST" name="Default suite" finished-at="2022-12-12T10:40:35 IST" duration-ms="682">
    <groups>
    </groups>
    <test started-at="2022-12-12T10:40:35 IST" name="Default test" finished-at="2022-12-12T10:40:35 IST" duration-ms="682">
      <class name="Extent_Report.BasicExtenetReport">
        <test-method is-config="true" signature="startReport()[pri:0, instance:Extent_Report.BasicExtenetReport@11392934]" started-at="2022-12-12T10:40:35 IST" name="startReport" finished-at="2022-12-12T10:40:35 IST" duration-ms="268" status="PASS">
          <reporter-output>
          </reporter-output>
        </test-method> <!-- startReport -->
        <test-method signature="LaunchBrowserAndOpenURL()[pri:0, instance:Extent_Report.BasicExtenetReport@11392934]" started-at="2022-12-12T10:40:35 IST" name="LaunchBrowserAndOpenURL" finished-at="2022-12-12T10:40:35 IST" duration-ms="10" status="PASS">
          <reporter-output>
          </reporter-output>
        </test-method> <!-- LaunchBrowserAndOpenURL -->
        <test-method is-config="true" signature="getTestResult(org.testng.ITestResult)[pri:0, instance:Extent_Report.BasicExtenetReport@11392934]" started-at="2022-12-12T10:40:35 IST" name="getTestResult" finished-at="2022-12-12T10:40:35 IST" duration-ms="8" status="PASS">
          <params>
            <param index="0">
              <value>
                <![CDATA[[TestResult name=LaunchBrowserAndOpenURL status=SUCCESS method=BasicExtenetReport.LaunchBrowserAndOpenURL()[pri:0, instance:Extent_Report.BasicExtenetReport@11392934] output={null}]]]>
              </value>
            </param>
          </params>
          <reporter-output>
          </reporter-output>
        </test-method> <!-- getTestResult -->
        <test-method signature="VerifyEmail()[pri:0, instance:Extent_Report.BasicExtenetReport@11392934]" started-at="2022-12-12T10:40:35 IST" name="VerifyEmail" finished-at="2022-12-12T10:40:35 IST" duration-ms="2" status="SKIP">
          <exception class="org.testng.SkipException">
            <message>
              <![CDATA[skipping this test case with exception...]]>
            </message>
            <full-stacktrace>
              <![CDATA[org.testng.SkipException: skipping this test case with exception...
at Extent_Report.BasicExtenetReport.VerifyEmail(BasicExtenetReport.java:79)
at java.base/jdk.internal.reflect.NativeMethodAccessorImpl.invoke0(Native Method)
at java.base/jdk.internal.reflect.NativeMethodAccessorImpl.invoke(NativeMethodAccessorImpl.java:77)
at java.base/jdk.internal.reflect.DelegatingMethodAccessorImpl.invoke(DelegatingMethodAccessorImpl.java:43)
at java.base/java.lang.reflect.Method.invoke(Method.java:568)
at org.testng.internal.invokers.MethodInvocationHelper.invokeMethod(MethodInvocationHelper.java:139)
at org.testng.internal.invokers.TestInvoker.invokeMethod(TestInvoker.java:677)
at org.testng.internal.invokers.TestInvoker.invokeTestMethod(TestInvoker.java:221)
at org.testng.internal.invokers.MethodRunner.runInSequence(MethodRunner.java:50)
at org.testng.internal.invokers.TestInvoker$MethodInvocationAgent.invoke(TestInvoker.java:962)
at org.testng.internal.invokers.TestInvoker.invokeTestMethods(TestInvoker.java:194)
at org.testng.internal.invokers.TestMethodWorker.invokeTestMethods(TestMethodWorker.java:148)
at org.testng.internal.invokers.TestMethodWorker.run(TestMethodWorker.java:128)
at java.base/java.util.ArrayList.forEach(ArrayList.java:1511)
at org.testng.TestRunner.privateRun(TestRunner.java:806)
at org.testng.TestRunner.run(TestRunner.java:601)
at org.testng.SuiteRunner.runTest(SuiteRunner.java:433)
at org.testng.SuiteRunner.runSequentially(SuiteRunner.java:427)
at org.testng.SuiteRunner.privateRun(SuiteRunner.java:387)
at org.testng.SuiteRunner.run(SuiteRunner.java:330)
at org.testng.SuiteRunnerWorker.runSuite(SuiteRunnerWorker.java:52)
at org.testng.SuiteRunnerWorker.run(SuiteRunnerWorker.java:95)
at org.testng.TestNG.runSuitesSequentially(TestNG.java:1256)
at org.testng.TestNG.runSuitesLocally(TestNG.java:1176)
at org.testng.TestNG.runSuites(TestNG.java:1099)
at org.testng.TestNG.run(TestNG.java:1067)
at org.testng.remote.AbstractRemoteTestNG.run(AbstractRemoteTestNG.java:115)
at org.testng.remote.RemoteTestNG.initAndRun(RemoteTestNG.java:251)
at org.testng.remote.RemoteTestNG.main(RemoteTestNG.java:77)
]]>
            </full-stacktrace>
          </exception> <!-- org.testng.SkipException -->
          <reporter-output>
          </reporter-output>
        </test-method> <!-- VerifyEmail -->
        <test-method is-config="true" signature="getTestResult(org.testng.ITestResult)[pri:0, instance:Extent_Report.BasicExtenetReport@11392934]" started-at="2022-12-12T10:40:35 IST" name="getTestResult" finished-at="2022-12-12T10:40:35 IST" duration-ms="0" status="PASS">
          <params>
            <param index="0">
              <value>
                <![CDATA[[TestResult name=VerifyEmail status=SKIP method=BasicExtenetReport.VerifyEmail()[pri:0, instance:Extent_Report.BasicExtenetReport@11392934] output={null}]]]>
              </value>
            </param>
          </params>
          <reporter-output>
          </reporter-output>
        </test-method> <!-- getTestResult -->
        <test-method signature="VerifyLogo()[pri:0, instance:Extent_Report.BasicExtenetReport@11392934]" started-at="2022-12-12T10:40:35 IST" name="VerifyLogo" finished-at="2022-12-12T10:40:35 IST" duration-ms="1" status="PASS">
          <reporter-output>
          </reporter-output>
        </test-method> <!-- VerifyLogo -->
        <test-method is-config="true" signature="getTestResult(org.testng.ITestResult)[pri:0, instance:Extent_Report.BasicExtenetReport@11392934]" started-at="2022-12-12T10:40:35 IST" name="getTestResult" finished-at="2022-12-12T10:40:35 IST" duration-ms="1" status="PASS">
          <params>
            <param index="0">
              <value>
                <![CDATA[[TestResult name=VerifyLogo status=SUCCESS method=BasicExtenetReport.VerifyLogo()[pri:0, instance:Extent_Report.BasicExtenetReport@11392934] output={null}]]]>
              </value>
            </param>
          </params>
          <reporter-output>
          </reporter-output>
        </test-method> <!-- getTestResult -->
        <test-method signature="VerifyTitle()[pri:0, instance:Extent_Report.BasicExtenetReport@11392934]" started-at="2022-12-12T10:40:35 IST" name="VerifyTitle" finished-at="2022-12-12T10:40:35 IST" duration-ms="8" status="FAIL">
          <exception class="java.lang.AssertionError">
            <message>
              <![CDATA[expected [true] but found [false]]]>
            </message>
            <full-stacktrace>
              <![CDATA[java.lang.AssertionError: expected [true] but found [false]
at org.testng.Assert.fail(Assert.java:110)
at org.testng.Assert.failNotEquals(Assert.java:1413)
at org.testng.Assert.assertTrue(Assert.java:56)
at org.testng.Assert.assertTrue(Assert.java:66)
at Extent_Report.BasicExtenetReport.VerifyTitle(BasicExtenetReport.java:63)
at java.base/jdk.internal.reflect.NativeMethodAccessorImpl.invoke0(Native Method)
at java.base/jdk.internal.reflect.NativeMethodAccessorImpl.invoke(NativeMethodAccessorImpl.java:77)
at java.base/jdk.internal.reflect.DelegatingMethodAccessorImpl.invoke(DelegatingMethodAccessorImpl.java:43)
at java.base/java.lang.reflect.Method.invoke(Method.java:568)
at org.testng.internal.invokers.MethodInvocationHelper.invokeMethod(MethodInvocationHelper.java:139)
at org.testng.internal.invokers.TestInvoker.invokeMethod(TestInvoker.java:677)
at org.testng.internal.invokers.TestInvoker.invokeTestMethod(TestInvoker.java:221)
at org.testng.internal.invokers.MethodRunner.runInSequence(MethodRunner.java:50)
at org.testng.internal.invokers.TestInvoker$MethodInvocationAgent.invoke(TestInvoker.java:962)
at org.testng.internal.invokers.TestInvoker.invokeTestMethods(TestInvoker.java:194)
at org.testng.internal.invokers.TestMethodWorker.invokeTestMethods(TestMethodWorker.java:148)
at org.testng.internal.invokers.TestMethodWorker.run(TestMethodWorker.java:128)
at java.base/java.util.ArrayList.forEach(ArrayList.java:1511)
at org.testng.TestRunner.privateRun(TestRunner.java:806)
at org.testng.TestRunner.run(TestRunner.java:601)
at org.testng.SuiteRunner.runTest(SuiteRunner.java:433)
at org.testng.SuiteRunner.runSequentially(SuiteRunner.java:427)
at org.testng.SuiteRunner.privateRun(SuiteRunner.java:387)
at org.testng.SuiteRunner.run(SuiteRunner.java:330)
at org.testng.SuiteRunnerWorker.runSuite(SuiteRunnerWorker.java:52)
at org.testng.SuiteRunnerWorker.run(SuiteRunnerWorker.java:95)
at org.testng.TestNG.runSuitesSequentially(TestNG.java:1256)
at org.testng.TestNG.runSuitesLocally(TestNG.java:1176)
at org.testng.TestNG.runSuites(TestNG.java:1099)
at org.testng.TestNG.run(TestNG.java:1067)
at org.testng.remote.AbstractRemoteTestNG.run(AbstractRemoteTestNG.java:115)
at org.testng.remote.RemoteTestNG.initAndRun(RemoteTestNG.java:251)
at org.testng.remote.RemoteTestNG.main(RemoteTestNG.java:77)
]]>
            </full-stacktrace>
          </exception> <!-- java.lang.AssertionError -->
          <reporter-output>
          </reporter-output>
        </test-method> <!-- VerifyTitle -->
        <test-method is-config="true" signature="getTestResult(org.testng.ITestResult)[pri:0, instance:Extent_Report.BasicExtenetReport@11392934]" started-at="2022-12-12T10:40:35 IST" name="getTestResult" finished-at="2022-12-12T10:40:35 IST" duration-ms="4" status="PASS">
          <params>
            <param index="0">
              <value>
                <![CDATA[[TestResult name=VerifyTitle status=FAILURE method=BasicExtenetReport.VerifyTitle()[pri:0, instance:Extent_Report.BasicExtenetReport@11392934] output={null}]]]>
              </value>
            </param>
          </params>
          <reporter-output>
          </reporter-output>
        </test-method> <!-- getTestResult -->
        <test-method signature="VerifyUserName()[pri:0, instance:Extent_Report.BasicExtenetReport@11392934]" started-at="2022-12-12T10:40:35 IST" name="VerifyUserName" finished-at="2022-12-12T10:40:35 IST" duration-ms="1" status="PASS">
          <reporter-output>
          </reporter-output>
        </test-method> <!-- VerifyUserName -->
        <test-method is-config="true" signature="getTestResult(org.testng.ITestResult)[pri:0, instance:Extent_Report.BasicExtenetReport@11392934]" started-at="2022-12-12T10:40:35 IST" name="getTestResult" finished-at="2022-12-12T10:40:35 IST" duration-ms="0" status="PASS">
          <params>
            <param index="0">
              <value>
                <![CDATA[[TestResult name=VerifyUserName status=SUCCESS method=BasicExtenetReport.VerifyUserName()[pri:0, instance:Extent_Report.BasicExtenetReport@11392934] output={null}]]]>
              </value>
            </param>
          </params>
          <reporter-output>
          </reporter-output>
        </test-method> <!-- getTestResult -->
        <test-method is-config="true" signature="tearDown()[pri:0, instance:Extent_Report.BasicExtenetReport@11392934]" started-at="2022-12-12T10:40:35 IST" name="tearDown" finished-at="2022-12-12T10:40:35 IST" duration-ms="332" status="PASS">
          <reporter-output>
          </reporter-output>
        </test-method> <!-- tearDown -->
      </class> <!-- Extent_Report.BasicExtenetReport -->
    </test> <!-- Default test -->
  </suite> <!-- Default suite -->
</testng-results>
