<?xml version="1.0" encoding="UTF-8"?>
<!-- Generated by org.testng.reporters.JUnitXMLReporter -->
<testsuite ignored="1" hostname="DESKTOP-LEU7772" failures="2" tests="8" name="Test(failed)" time="0.095" errors="0" timestamp="2022-12-10T16:06:40 IST">
  <testcase classname="Failed_Testcases.TestCases_example" name="TestCase01" time="0.02">
    <skipped/>
  </testcase> <!-- TestCase01 -->
  <testcase classname="Failed_Testcases.TestCases_example" name="TestCase01" time="0.002">
    <skipped/>
  </testcase> <!-- TestCase01 -->
  <testcase classname="Failed_Testcases.TestCases_example" name="TestCase01" time="0.001">
    <skipped/>
  </testcase> <!-- TestCase01 -->
  <testcase classname="Failed_Testcases.TestCases_example" name="TestCase01" time="0.001">
    <failure type="java.lang.AssertionError" message="expected [true] but found [false]">
      <![CDATA[java.lang.AssertionError: expected [true] but found [false]
at Failed_Testcases.TestCases_example.TestCase01(TestCases_example.java:11)
at java.base/java.util.ArrayList.forEach(ArrayList.java:1511)
... Removed 31 stack frames]]>
    </failure>
  </testcase> <!-- TestCase01 -->
  <testcase classname="Failed_Testcases.TestCases_example" name="TestCase02" time="0.001">
    <skipped/>
  </testcase> <!-- TestCase02 -->
  <testcase classname="Failed_Testcases.TestCases_example" name="TestCase02" time="0.001">
    <skipped/>
  </testcase> <!-- TestCase02 -->
  <testcase classname="Failed_Testcases.TestCases_example" name="TestCase02" time="0.001">
    <skipped/>
  </testcase> <!-- TestCase02 -->
  <testcase classname="Failed_Testcases.TestCases_example" name="TestCase02" time="0.001">
    <failure type="java.lang.AssertionError" message="expected [true] but found [false]">
      <![CDATA[java.lang.AssertionError: expected [true] but found [false]
at Failed_Testcases.TestCases_example.TestCase02(TestCases_example.java:17)
at java.base/java.util.ArrayList.forEach(ArrayList.java:1511)
... Removed 31 stack frames]]>
    </failure>
  </testcase> <!-- TestCase02 -->
  <testcase classname="Failed_Testcases.TestCases_example" name="TestCase03" time="0.0">
    <ignored/>
  </testcase> <!-- TestCase03 -->
</testsuite> <!-- Test(failed) -->
